<?xml version="1.0" encoding="UTF-8"?>
<!-- Generated by org.testng.reporters.JUnitXMLReporter -->
<testsuite hostname="LAPTOP-3LM0TE9V" ignored="0" name="GumtreeTest" tests="3" failures="0" timestamp="11 Aug 2019 00:00:21 GMT" time="58.837" errors="0">
  <testcase name="verifyLoginPageTitleTest" time="0.037" classname="com.tests.LoginTest"/>
  <testcase name="verifyLoginPageHeaderTest" time="0.089" classname="com.tests.LoginTest"/>
  <testcase name="doLoginTest" time="0.527" classname="com.tests.LoginTest"/>
</testsuite> <!-- GumtreeTest -->
