<?xml version="1.0" encoding="UTF-8"?>
<!-- Generated by org.testng.reporters.JUnitXMLReporter -->
<testsuite hostname="LAPTOP-3LM0TE9V" ignored="0" name="GumtreeTest" tests="3" failures="0" timestamp="10 Aug 2019 23:53:11 GMT" time="61.29" errors="0">
  <testcase name="verifyLoginPageTitleTest" time="0.043" classname="com.tests.LoginTest"/>
  <testcase name="verifyLoginPageHeaderTest" time="0.119" classname="com.tests.LoginTest"/>
  <testcase name="doLoginTest" time="0.606" classname="com.tests.LoginTest"/>
</testsuite> <!-- GumtreeTest -->
